<?xml version="1.0" encoding="UTF-8"?>
<!-- Generated by org.testng.reporters.JUnitReportReporter -->
<testsuite skipped="0" hostname="PIYUSH" name="com.test.automation.uiAutomation.homePage.TC001_verifyLoginWithInvalidCredentials" tests="1" failures="0" timestamp="20 Aug 2017 15:58:40 GMT" time="4.403" errors="0">
  <testcase name="verifyLoginWithInvalidCredentials" time="4.403" classname="com.test.automation.uiAutomation.homePage.TC001_verifyLoginWithInvalidCredentials"/>
</testsuite> <!-- com.test.automation.uiAutomation.homePage.TC001_verifyLoginWithInvalidCredentials -->
