<?xml version="1.0" encoding="UTF-8"?>
<!-- Generated by org.testng.reporters.JUnitReportReporter -->
<testsuite skipped="0" hostname="PIYUSH" name="com.test.automation.uiAutomation.homePage.TC001_verifyLoginWithInvalidCredentials" tests="4" failures="0" timestamp="16 Sep 2017 20:28:49 GMT" time="88.587" errors="0">
  <testcase name="verifyLoginWithInvalidCredentials" time="6.978" classname="com.test.automation.uiAutomation.homePage.TC001_verifyLoginWithInvalidCredentials"/>
  <testcase name="verifyLoginWithInvalidCredentials" time="6.281" classname="com.test.automation.uiAutomation.homePage.TC001_verifyLoginWithInvalidCredentials"/>
  <testcase name="verifyLoginWithInvalidCredentials" time="7.135" classname="com.test.automation.uiAutomation.homePage.TC001_verifyLoginWithInvalidCredentials"/>
  <testcase name="verifyLoginWithInvalidCredentials" time="68.193" classname="com.test.automation.uiAutomation.homePage.TC001_verifyLoginWithInvalidCredentials"/>
</testsuite> <!-- com.test.automation.uiAutomation.homePage.TC001_verifyLoginWithInvalidCredentials -->
