<?xml version="1.0" encoding="UTF-8"?>
<!-- Generated by org.testng.reporters.JUnitReportReporter -->
<testsuite skipped="0" hostname="PIYUSH" name="com.test.automation.uiAutomation.homePage.TC001_verifyLoginWithInvalidCredentials" tests="2" failures="0" timestamp="16 Sep 2017 20:34:44 GMT" time="13.341" errors="0">
  <testcase name="verifyLoginWithInvalidCredentials" time="6.291" classname="com.test.automation.uiAutomation.homePage.TC001_verifyLoginWithInvalidCredentials"/>
  <testcase name="verifyLoginWithInvalidCredentials" time="7.050" classname="com.test.automation.uiAutomation.homePage.TC001_verifyLoginWithInvalidCredentials"/>
</testsuite> <!-- com.test.automation.uiAutomation.homePage.TC001_verifyLoginWithInvalidCredentials -->
