<?xml version="1.0" encoding="UTF-8"?>
<!-- Generated by org.testng.reporters.JUnitReportReporter -->
<testsuite skipped="0" hostname="PIYUSH" name="com.test.automation.uiAutomation.homePage.TC001_verifyLoginWithInvalidCredentials" tests="1" failures="0" timestamp="13 Aug 2017 17:11:49 GMT" time="4.399" errors="0">
  <testcase name="verifyLoginWithInvalidCredentials" time="4.399" classname="com.test.automation.uiAutomation.homePage.TC001_verifyLoginWithInvalidCredentials"/>
</testsuite> <!-- com.test.automation.uiAutomation.homePage.TC001_verifyLoginWithInvalidCredentials -->
