<?xml version="1.0" encoding="UTF-8"?>
<!-- Generated by org.testng.reporters.JUnitReportReporter -->
<testsuite skipped="0" hostname="PIYUSH" name="com.Cucumber.framework.runner.NewtourLoginFeature" tests="1" failures="0" timestamp="17 Sep 2017 06:02:57 GMT" time="0.032" errors="0">
  <testcase name="feature" time="0.032" classname="com.Cucumber.framework.runner.NewtourLoginFeature"/>
</testsuite> <!-- com.Cucumber.framework.runner.NewtourLoginFeature -->
